<?xml version="1.0" encoding="UTF-8"?>
<!-- Generated by org.testng.reporters.JUnitXMLReporter -->
<testsuite ignored="0" hostname="Rupalis-MacBook-Pro.local" failures="0" tests="2" name="PVAI UI Challenge Test Case" time="26.304" errors="0" timestamp="2023-02-21T19:13:50 GMT-08:00">
  <testcase classname="com.pvai.qa.testcases.HomeValuesTest" name="homeRealEstateTest" time="3.313"/>
  <testcase classname="com.pvai.qa.testcases.HomeValuesTest" name="searchHomeValuesFormTest" time="9.56"/>
</testsuite> <!-- PVAI UI Challenge Test Case -->
