<?xml version="1.0" encoding="UTF-8"?>
<!-- Generated by org.testng.reporters.JUnitXMLReporter -->
<testsuite ignored="0" hostname="Rupalis-MacBook-Pro.local" failures="0" tests="2" name="Default test" time="32.697" errors="0" timestamp="2023-02-21T12:24:00 GMT-08:00">
  <testcase classname="com.pvai.qa.testcases.HomeValuesTest" name="homeRealEstateTest" time="3.123"/>
  <testcase classname="com.pvai.qa.testcases.HomeValuesTest" name="searchHomeValuesFormTest" time="6.324"/>
</testsuite> <!-- Default test -->
