<?xml version="1.0" encoding="UTF-8"?>
<!-- Generated by org.testng.reporters.JUnitXMLReporter -->
<testsuite ignored="0" hostname="Rupalis-MacBook-Pro.local" failures="0" tests="2" name="Samsung Challenge Test Case" time="32.267" errors="0" timestamp="2023-02-21T12:31:22 GMT-08:00">
  <testcase classname="com.pvai.qa.testcases.HomeValuesTest" name="homeRealEstateTest" time="3.308"/>
  <testcase classname="com.pvai.qa.testcases.HomeValuesTest" name="searchHomeValuesFormTest" time="6.53"/>
</testsuite> <!-- Samsung Challenge Test Case -->
