<?xml version="1.0" encoding="UTF-8"?>
<testng-results ignored="0" total="2" passed="2" failed="0" skipped="0">
  <reporter-output>
  </reporter-output>
  <suite started-at="2023-02-21T16:52:06 GMT-08:00" name="Default suite" finished-at="2023-02-21T16:52:30 GMT-08:00" duration-ms="23697">
    <groups>
    </groups>
    <test started-at="2023-02-21T16:52:06 GMT-08:00" name="Default test" finished-at="2023-02-21T16:52:30 GMT-08:00" duration-ms="23697">
      <class name="com.pvai.qa.testcases.HomeValuesTest">
        <test-method is-config="true" signature="setUp()[pri:0, instance:com.pvai.qa.testcases.HomeValuesTest@70e9c95d]" started-at="2023-02-21T16:52:07 GMT-08:00" name="setUp" finished-at="2023-02-21T16:52:18 GMT-08:00" duration-ms="11443" status="PASS">
          <reporter-output>
          </reporter-output>
        </test-method> <!-- setUp -->
        <test-method signature="homeRealEstateTest()[pri:1, instance:com.pvai.qa.testcases.HomeValuesTest@70e9c95d]" started-at="2023-02-21T16:52:18 GMT-08:00" name="homeRealEstateTest" finished-at="2023-02-21T16:52:21 GMT-08:00" duration-ms="3267" status="PASS">
          <reporter-output>
          </reporter-output>
        </test-method> <!-- homeRealEstateTest -->
        <test-method signature="searchHomeValuesFormTest()[pri:2, instance:com.pvai.qa.testcases.HomeValuesTest@70e9c95d]" started-at="2023-02-21T16:52:21 GMT-08:00" name="searchHomeValuesFormTest" finished-at="2023-02-21T16:52:30 GMT-08:00" duration-ms="8816" status="PASS">
          <reporter-output>
          </reporter-output>
        </test-method> <!-- searchHomeValuesFormTest -->
        <test-method is-config="true" signature="tearDown()[pri:0, instance:com.pvai.qa.testcases.HomeValuesTest@70e9c95d]" started-at="2023-02-21T16:52:30 GMT-08:00" name="tearDown" finished-at="2023-02-21T16:52:30 GMT-08:00" duration-ms="117" status="PASS">
          <reporter-output>
          </reporter-output>
        </test-method> <!-- tearDown -->
      </class> <!-- com.pvai.qa.testcases.HomeValuesTest -->
    </test> <!-- Default test -->
  </suite> <!-- Default suite -->
</testng-results>
